{
  "stats": {
    "suites": 1,
    "tests": 3,
    "passes": 0,
    "pending": 0,
    "failures": 3,
    "start": "2025-06-26T23:06:17.226Z",
    "end": "2025-06-26T23:07:01.828Z",
    "duration": 44602,
    "testsRegistered": 3,
    "passPercent": 0,
    "pendingPercent": 0,
    "other": 0,
    "hasOther": false,
    "skipped": 0,
    "hasSkipped": false
  },
  "results": [
    {
      "uuid": "8036c5e7-3387-41be-a750-93591bb50b04",
      "title": "",
      "fullFile": "cypress/e2e/embarque.cy.js",
      "file": "cypress/e2e/embarque.cy.js",
      "beforeHooks": [],
      "afterHooks": [],
      "tests": [],
      "suites": [
        {
          "uuid": "44703839-dac9-4867-aec0-ed5a90f5caba",
          "title": "Flujo de autenticación y filtrado de embarque",
          "fullFile": "",
          "file": "",
          "beforeHooks": [],
          "afterHooks": [],
          "tests": [
            {
              "title": "Debe autenticarse con PIN válido y filtrar un embarque existente correctamente",
              "fullTitle": "Flujo de autenticación y filtrado de embarque Debe autenticarse con PIN válido y filtrar un embarque existente correctamente",
              "timedOut": null,
              "duration": 16293,
              "state": "failed",
              "speed": null,
              "pass": false,
              "fail": true,
              "pending": false,
              "context": null,
              "code": "cy.log('Paso 1: Acceder a la URL (gestionado por beforeEach)');\ncy.log(`Paso 2: Ingresar PIN válido: ${testData.pin}`);\n// *** CORRECCIÓN CLAVE para las 4 cajas de PIN ***\n// Inspecciona el HTML y reemplaza 'input.pin-digit-input' por el selector real\n// que apunte a TODAS las cajas de PIN. Podría ser una clase, o un tipo de input único.\nconst pinDigits = testData.pin.split(''); // Divide el PIN en dígitos individuales\ncy.get('input[formcontrolname^=\"digit\"]') // Selector actualizado para inputs de PIN\n.should('have.length', 4) // Asegúrate de que encontramos 4 campos\n.each(($el, index) => {\n  cy.wrap($el).type(pinDigits[index]); // Escribe cada dígito en su campo\n});\ncy.contains('Ingresar').click(); // Vi en el video que el botón es 'Ingresar', no 'Aceptar'\ncy.wait(2000);\ncy.screenshot('despues-de-login');\n// Asegúrate de que 'Embarques' sea visible después del login\ncy.contains('Embarques').should('be.visible', {\n  timeout: 10000\n});\ncy.log('Autenticación exitosa.');\n// 3. Filtrado de Embarque\ncy.log('Paso 3: Iniciar proceso de filtrado de embarque');\n// Asegúrate que el botón de filtros tenga este texto o un selector real.\ncy.contains('Filtros').click();\ncy.wait(2000);\ncy.screenshot('despues-de-filtros');\n// Asegúrate que el buscador maestro tenga este texto o un selector real.\ncy.contains('Buscador-maestro').click();\ncy.wait(2000);\ncy.screenshot('despues-de-buscador-maestro');\n// Asegúrate que la opción \"Embarque\" tenga este texto o un selector real.\ncy.contains('Embarque').click();\ncy.log(`Ingresar número de embarque: ${testData.embarque}`);\n// Asegúrate que el campo de búsqueda de embarque tenga este placeholder o selector real.\ncy.get('input[placeholder=\"Buscar\"]').type(testData.embarque);\n// Asegúrate que el botón de buscar tenga este texto o un selector real.\ncy.contains('Buscar').click();\n// Esperar a que los resultados se carguen y sean visibles\n// Reemplaza '.Tabla-embarques' con el selector real de la tabla o contenedor de resultados.\ncy.get('.Tabla-embarques', {\n  timeout: 10000\n}).should('be.visible');\n// 4. Validación de Datos\ncy.log('Paso 4: Validar que los detalles del embarque coincidan');\ncy.get('.Tabla-embarques').should('contain', testData.embarque);",
              "err": {
                "message": "AssertionError: Timed out retrying after 4000ms: Expected to find content: 'Buscador-maestro' but never did.",
                "estack": "AssertionError: Timed out retrying after 4000ms: Expected to find content: 'Buscador-maestro' but never did.\n    at Context.eval (webpack://cypress-embarque-test/./cypress/e2e/embarque.cy.js:50:7)",
                "diff": null
              },
              "uuid": "c311e777-7351-49b3-b381-11fdf581430e",
              "parentUUID": "44703839-dac9-4867-aec0-ed5a90f5caba",
              "isHook": false,
              "skipped": false
            },
            {
              "title": "Debe mostrar un mensaje de error al ingresar un PIN incorrecto",
              "fullTitle": "Flujo de autenticación y filtrado de embarque Debe mostrar un mensaje de error al ingresar un PIN incorrecto",
              "timedOut": null,
              "duration": 12166,
              "state": "failed",
              "speed": null,
              "pass": false,
              "fail": true,
              "pending": false,
              "context": null,
              "code": "cy.log(`Intentando autenticación con PIN incorrecto: '1234'`);\n// *** CORRECCIÓN CLAVE para las 4 cajas de PIN ***\nconst invalidPinDigits = '1234'.split('');\ncy.get('input[formcontrolname^=\"digit\"]') // Selector actualizado para inputs de PIN\n.should('have.length', 4).each(($el, index) => {\n  cy.wrap($el).type(invalidPinDigits[index]);\n});\ncy.contains('Ingresar').click(); // Botón 'Ingresar'\ncy.wait(2000);\ncy.screenshot('despues-de-login-pin-incorrecto');\n// Aserción de error: verificar que el mensaje de error es visible y contiene el texto esperado\n// *** ASUNCIÓN: \"PIN incorrecto\" es el texto del mensaje de error. Revisa el texto exacto.***\ncy.contains('PIN incorrecto').should('be.visible');\ncy.log('Mensaje de error para PIN incorrecto visible.');",
              "err": {
                "message": "AssertionError: Timed out retrying after 4000ms: Expected to find content: 'PIN incorrecto' but never did.",
                "estack": "AssertionError: Timed out retrying after 4000ms: Expected to find content: 'PIN incorrecto' but never did.\n    at Context.eval (webpack://cypress-embarque-test/./cypress/e2e/embarque.cy.js:90:34)",
                "diff": null
              },
              "uuid": "ad4e81dd-2230-4bc0-9258-cee2d26fe076",
              "parentUUID": "44703839-dac9-4867-aec0-ed5a90f5caba",
              "isHook": false,
              "skipped": false
            },
            {
              "title": "Debe mostrar un mensaje de \"no resultados\" al buscar un embarque inexistente",
              "fullTitle": "Flujo de autenticación y filtrado de embarque Debe mostrar un mensaje de \"no resultados\" al buscar un embarque inexistente",
              "timedOut": null,
              "duration": 15940,
              "state": "failed",
              "speed": null,
              "pass": false,
              "fail": true,
              "pending": false,
              "context": null,
              "code": "cy.log('Paso 1: Autenticarse para buscar embarque inexistente');\n// *** CORRECCIÓN CLAVE para las 4 cajas de PIN ***\nconst pinDigits = testData.pin.split('');\ncy.get('input[formcontrolname^=\"digit\"]') // Selector actualizado para inputs de PIN\n.should('have.length', 4).each(($el, index) => {\n  cy.wrap($el).type(pinDigits[index]);\n});\ncy.contains('Ingresar').click(); // Botón 'Ingresar'\ncy.wait(2000);\ncy.screenshot('despues-de-login-busqueda-inexistente');\ncy.contains('Embarques').should('be.visible');\ncy.log('Paso 2: Iniciar proceso de filtrado con embarque inexistente');\ncy.contains('Filtros').click();\ncy.wait(2000);\ncy.screenshot('despues-de-filtros-busqueda-inexistente');\ncy.contains('Buscador-maestro').click();\ncy.wait(2000);\ncy.screenshot('despues-de-buscador-maestro-busqueda-inexistente');\ncy.contains('Embarque').click();\ncy.log(`Ingresar número de embarque inexistente: 'NoExiste123'`);\ncy.get('input[placeholder=\"Buscar\"]').type('NoExiste123');\ncy.contains('Buscar').click();\n// Asegúrate que el mensaje de \"no resultados\" tenga este texto o un selector real.\ncy.contains('Sin resultados').should('be.visible');\ncy.log('Mensaje de \"no resultados\" para embarque inexistente visible.');",
              "err": {
                "message": "AssertionError: Timed out retrying after 4000ms: Expected to find content: 'Buscador-maestro' but never did.",
                "estack": "AssertionError: Timed out retrying after 4000ms: Expected to find content: 'Buscador-maestro' but never did.\n    at Context.eval (webpack://cypress-embarque-test/./cypress/e2e/embarque.cy.js:113:7)",
                "diff": null
              },
              "uuid": "43361d51-1692-4d82-8719-4ace4fa22b7b",
              "parentUUID": "44703839-dac9-4867-aec0-ed5a90f5caba",
              "isHook": false,
              "skipped": false
            }
          ],
          "suites": [],
          "passes": [],
          "failures": [
            "c311e777-7351-49b3-b381-11fdf581430e",
            "ad4e81dd-2230-4bc0-9258-cee2d26fe076",
            "43361d51-1692-4d82-8719-4ace4fa22b7b"
          ],
          "pending": [],
          "skipped": [],
          "duration": 44399,
          "root": false,
          "rootEmpty": false,
          "_timeout": 2000
        }
      ],
      "passes": [],
      "failures": [],
      "pending": [],
      "skipped": [],
      "duration": 0,
      "root": true,
      "rootEmpty": true,
      "_timeout": 2000
    }
  ],
  "meta": {
    "mocha": {
      "version": "7.0.1"
    },
    "mochawesome": {
      "options": {
        "quiet": false,
        "reportFilename": "mochawesome",
        "saveHtml": true,
        "saveJson": true,
        "consoleReporter": "spec",
        "useInlineDiffs": false,
        "code": true
      },
      "version": "7.1.3"
    },
    "marge": {
      "options": {
        "reportDir": "cypress/reports",
        "overwrite": false,
        "html": true,
        "json": true
      },
      "version": "6.2.0"
    }
  }
}