{
  "stats": {
    "suites": 1,
    "tests": 3,
    "passes": 0,
    "pending": 0,
    "failures": 3,
    "start": "2025-06-26T20:49:55.505Z",
    "end": "2025-06-26T20:50:19.346Z",
    "duration": 23841,
    "testsRegistered": 3,
    "passPercent": 0,
    "pendingPercent": 0,
    "other": 0,
    "hasOther": false,
    "skipped": 0,
    "hasSkipped": false
  },
  "results": [
    {
      "uuid": "d507182b-2e00-4167-809b-d0957aee93de",
      "title": "",
      "fullFile": "cypress/e2e/embarque.cy.js",
      "file": "cypress/e2e/embarque.cy.js",
      "beforeHooks": [],
      "afterHooks": [],
      "tests": [],
      "suites": [
        {
          "uuid": "e34ad757-ed96-4743-b907-44c3f94794f2",
          "title": "Flujo de autenticación y filtrado de embarques",
          "fullFile": "",
          "file": "",
          "beforeHooks": [],
          "afterHooks": [],
          "tests": [
            {
              "title": "Autenticación con PIN válido y búsqueda exitosa",
              "fullTitle": "Flujo de autenticación y filtrado de embarques Autenticación con PIN válido y búsqueda exitosa",
              "timedOut": null,
              "duration": 8471,
              "state": "failed",
              "speed": null,
              "pass": false,
              "fail": true,
              "pending": false,
              "context": null,
              "code": "cy.get('input[type=\"password\"]').type(this.datos.pin);\ncy.contains('Aceptar').click();\ncy.contains('Embarques').should('be.visible');\ncy.contains('Filtros').click();\ncy.get('.buscador-maestro').click();\ncy.contains('Embarque').click();\ncy.get('input[placeholder=\"Buscar\"]').type(this.datos.embarque);\ncy.contains('Buscar').click();\ncy.get('.tabla-embarques').should('contain', this.datos.embarque);",
              "err": {
                "message": "AssertionError: Timed out retrying after 4000ms: Expected to find element: `input[type=\"password\"]`, but never found it.",
                "estack": "AssertionError: Timed out retrying after 4000ms: Expected to find element: `input[type=\"password\"]`, but never found it.\n    at Context.eval (webpack://cypress-embarque-test/./cypress/e2e/embarque.cy.js:8:7)",
                "diff": null
              },
              "uuid": "6fda2535-0629-49f6-9a2f-99263fef880a",
              "parentUUID": "e34ad757-ed96-4743-b907-44c3f94794f2",
              "isHook": false,
              "skipped": false
            },
            {
              "title": "Error con PIN incorrecto",
              "fullTitle": "Flujo de autenticación y filtrado de embarques Error con PIN incorrecto",
              "timedOut": null,
              "duration": 7707,
              "state": "failed",
              "speed": null,
              "pass": false,
              "fail": true,
              "pending": false,
              "context": null,
              "code": "cy.get('input[type=\"password\"]').type('1234');\ncy.contains('Aceptar').click();\ncy.contains('PIN incorrecto').should('be.visible');",
              "err": {
                "message": "AssertionError: Timed out retrying after 4000ms: Expected to find element: `input[type=\"password\"]`, but never found it.",
                "estack": "AssertionError: Timed out retrying after 4000ms: Expected to find element: `input[type=\"password\"]`, but never found it.\n    at Context.eval (webpack://cypress-embarque-test/./cypress/e2e/embarque.cy.js:22:7)",
                "diff": null
              },
              "uuid": "a50ceb36-9d94-4f1b-9c2b-cf506f1dce0d",
              "parentUUID": "e34ad757-ed96-4743-b907-44c3f94794f2",
              "isHook": false,
              "skipped": false
            },
            {
              "title": "Error con embarque no encontrado",
              "fullTitle": "Flujo de autenticación y filtrado de embarques Error con embarque no encontrado",
              "timedOut": null,
              "duration": 7527,
              "state": "failed",
              "speed": null,
              "pass": false,
              "fail": true,
              "pending": false,
              "context": null,
              "code": "cy.get('input[type=\"password\"]').type(this.datos.pin);\ncy.contains('Aceptar').click();\ncy.contains('Filtros').click();\ncy.get('.buscador-maestro').click();\ncy.contains('Embarque').click();\ncy.get('input[placeholder=\"Buscar\"]').type('NoExiste123');\ncy.contains('Buscar').click();\ncy.contains('Sin resultados').should('be.visible');",
              "err": {
                "message": "AssertionError: Timed out retrying after 4000ms: Expected to find element: `input[type=\"password\"]`, but never found it.",
                "estack": "AssertionError: Timed out retrying after 4000ms: Expected to find element: `input[type=\"password\"]`, but never found it.\n    at Context.eval (webpack://cypress-embarque-test/./cypress/e2e/embarque.cy.js:28:7)",
                "diff": null
              },
              "uuid": "e66e0e61-439a-4d0c-9eeb-e4f794f619a8",
              "parentUUID": "e34ad757-ed96-4743-b907-44c3f94794f2",
              "isHook": false,
              "skipped": false
            }
          ],
          "suites": [],
          "passes": [],
          "failures": [
            "6fda2535-0629-49f6-9a2f-99263fef880a",
            "a50ceb36-9d94-4f1b-9c2b-cf506f1dce0d",
            "e66e0e61-439a-4d0c-9eeb-e4f794f619a8"
          ],
          "pending": [],
          "skipped": [],
          "duration": 23705,
          "root": false,
          "rootEmpty": false,
          "_timeout": 2000
        }
      ],
      "passes": [],
      "failures": [],
      "pending": [],
      "skipped": [],
      "duration": 0,
      "root": true,
      "rootEmpty": true,
      "_timeout": 2000
    }
  ],
  "meta": {
    "mocha": {
      "version": "7.0.1"
    },
    "mochawesome": {
      "options": {
        "quiet": false,
        "reportFilename": "mochawesome",
        "saveHtml": true,
        "saveJson": true,
        "consoleReporter": "spec",
        "useInlineDiffs": false,
        "code": true
      },
      "version": "7.1.3"
    },
    "marge": {
      "options": {
        "reportDir": "cypress/reports",
        "overwrite": false,
        "html": true,
        "json": true
      },
      "version": "6.2.0"
    }
  }
}