{
  "stats": {
    "suites": 1,
    "tests": 3,
    "passes": 0,
    "pending": 0,
    "failures": 3,
    "start": "2025-06-26T22:50:33.305Z",
    "end": "2025-06-26T22:50:56.889Z",
    "duration": 23584,
    "testsRegistered": 3,
    "passPercent": 0,
    "pendingPercent": 0,
    "other": 0,
    "hasOther": false,
    "skipped": 0,
    "hasSkipped": false
  },
  "results": [
    {
      "uuid": "6d16f2f8-1e76-4ed1-8d42-a37a82980e1e",
      "title": "",
      "fullFile": "cypress/e2e/embarque.cy.js",
      "file": "cypress/e2e/embarque.cy.js",
      "beforeHooks": [],
      "afterHooks": [],
      "tests": [],
      "suites": [
        {
          "uuid": "b1c07307-060c-4612-952c-cb222e595edf",
          "title": "Flujo de autenticación y filtrado de embarque",
          "fullFile": "",
          "file": "",
          "beforeHooks": [],
          "afterHooks": [],
          "tests": [
            {
              "title": "Debe autenticarse con PIN válido y filtrar un embarque existente correctamente",
              "fullTitle": "Flujo de autenticación y filtrado de embarque Debe autenticarse con PIN válido y filtrar un embarque existente correctamente",
              "timedOut": null,
              "duration": 8664,
              "state": "failed",
              "speed": null,
              "pass": false,
              "fail": true,
              "pending": false,
              "context": null,
              "code": "cy.log('Paso 1: Acceder a la URL (gestionado por beforeEach)');\ncy.log(`Paso 2: Ingresar PIN válido: ${testData.pin}`);\n// *** CORRECCIÓN CLAVE para las 4 cajas de PIN ***\n// Inspecciona el HTML y reemplaza 'input.pin-digit-input' por el selector real\n// que apunte a TODAS las cajas de PIN. Podría ser una clase, o un tipo de input único.\nconst pinDigits = testData.pin.split(''); // Divide el PIN en dígitos individuales\ncy.get('input.pin-digit-input') // <<<< ¡¡¡REVISA ESTE SELECTOR!!! >>>>\n.should('have.length', 4) // Asegúrate de que encontramos 4 campos\n.each(($el, index) => {\n  cy.wrap($el).type(pinDigits[index]); // Escribe cada dígito en su campo\n});\ncy.contains('Ingresar').click(); // Vi en el video que el botón es 'Ingresar', no 'Aceptar'\n// Asegúrate de que 'Embarques' sea visible después del login\ncy.contains('Embarques').should('be.visible', {\n  timeout: 10000\n});\ncy.log('Autenticación exitosa.');\n// 3. Filtrado de Embarque\ncy.log('Paso 3: Iniciar proceso de filtrado de embarque');\n// Asegúrate que el botón de filtros tenga este texto o un selector real.\ncy.contains('Filtros').click();\n// Asegúrate que el buscador maestro tenga este texto o un selector real.\ncy.contains('Buscador-maestro').click();\n// Asegúrate que la opción \"Embarque\" tenga este texto o un selector real.\ncy.contains('Embarque').click();\ncy.log(`Ingresar número de embarque: ${testData.embarque}`);\n// Asegúrate que el campo de búsqueda de embarque tenga este placeholder o selector real.\ncy.get('input[placeholder=\"Buscar\"]').type(testData.embarque);\n// Asegúrate que el botón de buscar tenga este texto o un selector real.\ncy.contains('Buscar').click();\n// Esperar a que los resultados se carguen y sean visibles\n// Reemplaza '.Tabla-embarques' con el selector real de la tabla o contenedor de resultados.\ncy.get('.Tabla-embarques', {\n  timeout: 10000\n}).should('be.visible');\n// 4. Validación de Datos\ncy.log('Paso 4: Validar que los detalles del embarque coincidan');\ncy.get('.Tabla-embarques').should('contain', testData.embarque);",
              "err": {
                "message": "AssertionError: Timed out retrying after 4000ms: Expected to find element: `input.pin-digit-input`, but never found it.",
                "estack": "AssertionError: Timed out retrying after 4000ms: Expected to find element: `input.pin-digit-input`, but never found it.\n    at Context.eval (webpack://cypress-embarque-test/./cypress/e2e/embarque.cy.js:28:7)",
                "diff": null
              },
              "uuid": "f3c8d195-e4d7-4f37-892b-c25eb9dd6249",
              "parentUUID": "b1c07307-060c-4612-952c-cb222e595edf",
              "isHook": false,
              "skipped": false
            },
            {
              "title": "Debe mostrar un mensaje de error al ingresar un PIN incorrecto",
              "fullTitle": "Flujo de autenticación y filtrado de embarque Debe mostrar un mensaje de error al ingresar un PIN incorrecto",
              "timedOut": null,
              "duration": 7959,
              "state": "failed",
              "speed": null,
              "pass": false,
              "fail": true,
              "pending": false,
              "context": null,
              "code": "cy.log(`Intentando autenticación con PIN incorrecto: '1234'`);\n// *** CORRECCIÓN CLAVE para las 4 cajas de PIN ***\nconst invalidPinDigits = '1234'.split('');\ncy.get('input.pin-digit-input') // <<<< ¡¡¡REVISA ESTE SELECTOR!!! >>>>\n.should('have.length', 4).each(($el, index) => {\n  cy.wrap($el).type(invalidPinDigits[index]);\n});\ncy.contains('Ingresar').click(); // Botón 'Ingresar'\n// Aserción de error: verificar que el mensaje de error es visible y contiene el texto esperado\n// *** ASUNCIÓN: \"PIN incorrecto\" es el texto del mensaje de error. Revisa el texto exacto.***\ncy.contains('PIN incorrecto').should('be.visible');\ncy.log('Mensaje de error para PIN incorrecto visible.');",
              "err": {
                "message": "AssertionError: Timed out retrying after 4000ms: Expected to find element: `input.pin-digit-input`, but never found it.",
                "estack": "AssertionError: Timed out retrying after 4000ms: Expected to find element: `input.pin-digit-input`, but never found it.\n    at Context.eval (webpack://cypress-embarque-test/./cypress/e2e/embarque.cy.js:73:7)",
                "diff": null
              },
              "uuid": "b7f30566-b435-44b3-80fb-63d15fcb7159",
              "parentUUID": "b1c07307-060c-4612-952c-cb222e595edf",
              "isHook": false,
              "skipped": false
            },
            {
              "title": "Debe mostrar un mensaje de \"no resultados\" al buscar un embarque inexistente",
              "fullTitle": "Flujo de autenticación y filtrado de embarque Debe mostrar un mensaje de \"no resultados\" al buscar un embarque inexistente",
              "timedOut": null,
              "duration": 6836,
              "state": "failed",
              "speed": null,
              "pass": false,
              "fail": true,
              "pending": false,
              "context": null,
              "code": "cy.log('Paso 1: Autenticarse para buscar embarque inexistente');\n// *** CORRECCIÓN CLAVE para las 4 cajas de PIN ***\nconst pinDigits = testData.pin.split('');\ncy.get('input.pin-digit-input') // <<<< ¡¡¡REVISA ESTE SELECTOR!!! >>>>\n.should('have.length', 4).each(($el, index) => {\n  cy.wrap($el).type(pinDigits[index]);\n});\ncy.contains('Ingresar').click(); // Botón 'Ingresar'\ncy.contains('Embarques').should('be.visible');\ncy.log('Paso 2: Iniciar proceso de filtrado con embarque inexistente');\ncy.contains('Filtros').click();\ncy.contains('Buscador-maestro').click();\ncy.contains('Embarque').click();\ncy.log(`Ingresar número de embarque inexistente: 'NoExiste123'`);\ncy.get('input[placeholder=\"Buscar\"]').type('NoExiste123');\ncy.contains('Buscar').click();\n// Asegúrate que el mensaje de \"no resultados\" tenga este texto o un selector real.\ncy.contains('Sin resultados').should('be.visible');\ncy.log('Mensaje de \"no resultados\" para embarque inexistente visible.');",
              "err": {
                "message": "AssertionError: Timed out retrying after 4000ms: Expected to find element: `input.pin-digit-input`, but never found it.",
                "estack": "AssertionError: Timed out retrying after 4000ms: Expected to find element: `input.pin-digit-input`, but never found it.\n    at Context.eval (webpack://cypress-embarque-test/./cypress/e2e/embarque.cy.js:92:7)",
                "diff": null
              },
              "uuid": "c73b7dfa-c7a6-4a74-9a5f-0f67e0616b21",
              "parentUUID": "b1c07307-060c-4612-952c-cb222e595edf",
              "isHook": false,
              "skipped": false
            }
          ],
          "suites": [],
          "passes": [],
          "failures": [
            "f3c8d195-e4d7-4f37-892b-c25eb9dd6249",
            "b7f30566-b435-44b3-80fb-63d15fcb7159",
            "c73b7dfa-c7a6-4a74-9a5f-0f67e0616b21"
          ],
          "pending": [],
          "skipped": [],
          "duration": 23459,
          "root": false,
          "rootEmpty": false,
          "_timeout": 2000
        }
      ],
      "passes": [],
      "failures": [],
      "pending": [],
      "skipped": [],
      "duration": 0,
      "root": true,
      "rootEmpty": true,
      "_timeout": 2000
    }
  ],
  "meta": {
    "mocha": {
      "version": "7.0.1"
    },
    "mochawesome": {
      "options": {
        "quiet": false,
        "reportFilename": "mochawesome",
        "saveHtml": true,
        "saveJson": true,
        "consoleReporter": "spec",
        "useInlineDiffs": false,
        "code": true
      },
      "version": "7.1.3"
    },
    "marge": {
      "options": {
        "reportDir": "cypress/reports",
        "overwrite": false,
        "html": true,
        "json": true
      },
      "version": "6.2.0"
    }
  }
}